<?xml version="1.0" encoding="utf-8"?><testsuites><testsuite name="pytest" errors="0" failures="0" skipped="0" tests="5" time="0.025" timestamp="2024-11-27T21:43:10.828444+07:00" hostname="DESKTOP-G8ON8QU"><testcase classname="test_lab" name="test_multiply" time="0.001" /><testcase classname="test_lab" name="test_divide" time="0.001" /><testcase classname="test_lab" name="test_point_distance" time="0.000" /><testcase classname="test_lab" name="test_quad" time="0.001" /><testcase classname="test_lab" name="test_geom_sum" time="0.000" /></testsuite></testsuites>